<?xml version="1.0" encoding="UTF-8"?>
<!-- Generated by org.testng.reporters.JUnitXMLReporter -->
<testsuite ignored="0" hostname="Mahesh_Babu" failures="0" tests="3" name="contactTests" time="14.794" errors="0" timestamp="2025-09-08T12:37:32 IST">
  <testcase classname="tests.ContactUsTest" name="verifyContactUsPageLoad" time="3.732"/>
  <testcase classname="tests.ContactUsTest" name="testSubmitContactFormWithFile" time="4.527"/>
  <testcase classname="tests.ContactUsTest" name="verifyYouTubeChannelLoad" time="3.686"/>
</testsuite> <!-- contactTests -->
