<?xml version="1.0" encoding="UTF-8"?>
<!-- Generated by org.testng.reporters.JUnitXMLReporter -->
<testsuite ignored="0" hostname="Mahesh_Babu" failures="0" tests="15" name="EdgeTests" time="34.962" errors="0" timestamp="2025-09-08T12:32:53 IST">
  <testcase classname="tests.RegisterTest" name="verifySignupPageTitle" time="0.0">
    <skipped/>
  </testcase> <!-- verifySignupPageTitle -->
  <testcase classname="tests.RegisterTest" name="testRegisterPositive" time="0.0">
    <skipped/>
  </testcase> <!-- testRegisterPositive -->
  <testcase classname="tests.RegisterTest" name="testRegisterNegative" time="0.0">
    <skipped/>
  </testcase> <!-- testRegisterNegative -->
  <testcase classname="tests.RegisterTest" name="testRegisterEmptyFields" time="0.0">
    <skipped/>
  </testcase> <!-- testRegisterEmptyFields -->
  <testcase classname="tests.LoginTest" name="verifyLoginPageTitle" time="0.0">
    <skipped/>
  </testcase> <!-- verifyLoginPageTitle -->
  <testcase classname="tests.LoginTest" name="testLoginPositive" time="0.0">
    <skipped/>
  </testcase> <!-- testLoginPositive -->
  <testcase classname="tests.LoginTest" name="testLoginNegative" time="0.0">
    <skipped/>
  </testcase> <!-- testLoginNegative -->
  <testcase classname="tests.LoginTest" name="testLoginEmpty" time="0.002">
    <skipped/>
  </testcase> <!-- testLoginEmpty -->
  <testcase classname="tests.ProductFlowTest" name="verifyProductsPageTitle" time="0.0">
    <skipped/>
  </testcase> <!-- verifyProductsPageTitle -->
  <testcase classname="tests.ProductFlowTest" name="verifyProductDetailsPage" time="0.0">
    <skipped/>
  </testcase> <!-- verifyProductDetailsPage -->
  <testcase classname="tests.ProductFlowTest" name="shoppingFlowWithLogin" time="0.0">
    <skipped/>
  </testcase> <!-- shoppingFlowWithLogin -->
  <testcase classname="tests.ProductFlowTest" name="completeCheckoutFlow" time="0.0">
    <skipped/>
  </testcase> <!-- completeCheckoutFlow -->
  <testcase classname="tests.ContactUsTest" name="verifyContactUsPageLoad" time="4.291"/>
  <testcase classname="tests.ContactUsTest" name="testSubmitContactFormWithFile" time="6.769"/>
  <testcase classname="tests.ContactUsTest" name="verifyYouTubeChannelLoad" time="6.056"/>
</testsuite> <!-- EdgeTests -->
