<?xml version="1.0" encoding="UTF-8"?>
<!-- Generated by org.testng.reporters.JUnitXMLReporter -->
<testsuite ignored="0" hostname="Mahesh_Babu" failures="0" tests="4" name="LoginTests" time="29.939" errors="0" timestamp="2025-09-08T12:00:05 IST">
  <testcase classname="tests.LoginTest" name="verifyLoginPageTitle" time="1.508"/>
  <testcase classname="tests.LoginTest" name="testLoginPositive" time="6.478"/>
  <testcase classname="tests.LoginTest" name="testLoginNegative" time="3.022"/>
  <testcase classname="tests.LoginTest" name="testLoginEmpty" time="0.518"/>
</testsuite> <!-- LoginTests -->
