<?xml version="1.0" encoding="UTF-8"?>
<!-- Generated by org.testng.reporters.JUnitXMLReporter -->
<testsuite ignored="0" hostname="Mahesh_Babu" failures="0" tests="3" name="LoginTests" time="17.715" errors="0" timestamp="2025-09-08T07:04:06 IST">
  <testcase classname="tests.LoginTest" name="testLoginPositive" time="4.479"/>
  <testcase classname="tests.LoginTest" name="testLoginNegative" time="1.618"/>
  <testcase classname="tests.LoginTest" name="testLoginEmpty" time="0.26"/>
</testsuite> <!-- LoginTests -->
