<?xml version="1.0" encoding="UTF-8"?>
<!-- Generated by org.testng.reporters.JUnitXMLReporter -->
<testsuite ignored="0" hostname="Mahesh_Babu" failures="0" tests="4" name="ProductCartTests" time="41.705" errors="0" timestamp="2025-09-08T10:39:33 IST">
  <testcase classname="tests.ProductFlowTest" name="verifyProductsPageTitle" time="2.226"/>
  <testcase classname="tests.ProductFlowTest" name="verifyProductDetailsPage" time="2.217"/>
  <testcase classname="tests.ProductFlowTest" name="shoppingFlowWithLogin" time="9.347"/>
  <testcase classname="tests.ProductFlowTest" name="completeCheckoutFlow" time="11.927"/>
</testsuite> <!-- ProductCartTests -->
