<?xml version="1.0" encoding="UTF-8"?>
<!-- Generated by org.testng.reporters.JUnitXMLReporter -->
<testsuite ignored="0" hostname="Mahesh_Babu" failures="0" tests="4" name="ProductCartTests" time="45.815" errors="0" timestamp="2025-09-08T11:44:45 IST">
  <testcase classname="tests.ProductFlowTest" name="verifyProductsPageTitle" time="3.862"/>
  <testcase classname="tests.ProductFlowTest" name="verifyProductDetailsPage" time="3.93"/>
  <testcase classname="tests.ProductFlowTest" name="shoppingFlowWithLogin" time="11.012"/>
  <testcase classname="tests.ProductFlowTest" name="completeCheckoutFlow" time="12.118"/>
</testsuite> <!-- ProductCartTests -->
