<?xml version="1.0" encoding="UTF-8"?>
<!-- Generated by org.testng.reporters.JUnitXMLReporter -->
<testsuite ignored="0" hostname="Mahesh_Babu" failures="1" tests="4" name="RegisterTests" time="50.839" errors="0" timestamp="2025-09-08T14:28:10 IST">
  <testcase classname="tests.RegisterTest" name="verifySignupPageTitle" time="1.669"/>
  <testcase classname="tests.RegisterTest" name="testRegisterPositive" time="30.92"/>
  <testcase classname="tests.RegisterTest" name="testRegisterNegative" time="2.187">
    <failure type="java.lang.AssertionError" message="Expected error for already registered email expected [true] but found [false]">
      <![CDATA[java.lang.AssertionError: Expected error for already registered email expected [true] but found [false]
at tests.RegisterTest.testRegisterNegative(RegisterTest.java:84)
at java.base/java.util.ArrayList.forEach(ArrayList.java:1596)
... Removed 28 stack frames]]>
    </failure>
  </testcase> <!-- testRegisterNegative -->
  <testcase classname="tests.RegisterTest" name="testRegisterEmptyFields" time="0.261"/>
</testsuite> <!-- RegisterTests -->
