<?xml version="1.0" encoding="UTF-8"?>
<!-- Generated by org.testng.reporters.JUnitXMLReporter -->
<testsuite ignored="0" hostname="Mahesh_Babu" failures="0" tests="3" name="RegisterTests" time="46.473" errors="0" timestamp="2025-09-08T10:37:29 IST">
  <testcase classname="tests.RegisterTest" name="testRegisterPositive" time="28.825"/>
  <testcase classname="tests.RegisterTest" name="testRegisterNegative" time="4.055"/>
  <testcase classname="tests.RegisterTest" name="testRegisterEmptyFields" time="0.263"/>
</testsuite> <!-- RegisterTests -->
