<?xml version="1.0" encoding="UTF-8"?>
<!-- Generated by org.testng.reporters.JUnitXMLReporter -->
<testsuite ignored="0" hostname="Mahesh_Babu" failures="1" tests="1" name="HomePageFormTest" time="5.499" errors="0" timestamp="2025-09-01T16:48:12 IST">
  <testcase classname="tests.HomePageTest" name="testFillForm" time="0.0">
    <failure type="org.testng.TestNGException" message="
Method public void tests.HomePageTest.testFillForm(java.lang.String,java.lang.String,java.lang.String,java.lang.String,java.lang.String,java.lang.String,java.lang.String,java.lang.String,java.lang.String,java.lang.String,java.lang.String,java.lang.String,java.lang.String,java.lang.String,java.lang.String,java.lang.String) requires a @DataProvider named : formData">
      <![CDATA[org.testng.TestNGException: 
Method public void tests.HomePageTest.testFillForm(java.lang.String,java.lang.String,java.lang.String,java.lang.String,java.lang.String,java.lang.String,java.lang.String,java.lang.String,java.lang.String,java.lang.String,java.lang.String,java.lang.String,java.lang.String,java.lang.String,java.lang.String,java.lang.String) requires a @DataProvider named : formData
at java.base/java.util.ArrayList.forEach(ArrayList.java:1596)
... Removed 24 stack frames]]>
    </failure>
  </testcase> <!-- testFillForm -->
</testsuite> <!-- HomePageFormTest -->
