<?xml version="1.0" encoding="UTF-8"?>
<!-- Generated by org.testng.reporters.JUnitXMLReporter -->
<testsuite ignored="0" hostname="Mahesh_Babu" failures="0" tests="3" name="Default test" time="41.57" errors="0" timestamp="2025-09-08T10:32:41 IST">
  <testcase classname="tests.RegisterTest" name="testRegisterPositive" time="24.826"/>
  <testcase classname="tests.RegisterTest" name="testRegisterNegative" time="1.851"/>
  <testcase classname="tests.RegisterTest" name="testRegisterEmptyFields" time="0.3"/>
</testsuite> <!-- Default test -->
