<?xml version="1.0" encoding="UTF-8"?>
<!-- Generated by org.testng.reporters.JUnitXMLReporter -->
<testsuite ignored="0" hostname="Mahesh_Babu" failures="1" tests="1" name="CartFourth" time="14.253" errors="0" timestamp="2025-09-06T15:46:42 IST">
  <testcase classname="tests.CartTest" name="testProceedToCheckout" time="12.586">
    <failure type="java.lang.AssertionError" message="Cart is empty! expected [true] but found [false]">
      <![CDATA[java.lang.AssertionError: Cart is empty! expected [true] but found [false]
at tests.CartTest.testProceedToCheckout(CartTest.java:18)
at java.base/java.util.ArrayList.forEach(ArrayList.java:1596)
... Removed 28 stack frames]]>
    </failure>
  </testcase> <!-- testProceedToCheckout -->
</testsuite> <!-- CartFourth -->
