<?xml version="1.0" encoding="UTF-8"?>
<!-- Generated by org.testng.reporters.JUnitXMLReporter -->
<testsuite ignored="0" hostname="Mahesh_Babu" failures="2" tests="3" name="LoginSecond" time="29.404" errors="0" timestamp="2025-09-06T15:46:16 IST">
  <testcase classname="tests.LoginTest" name="testLoginPositive" time="0.015">
    <failure type="java.lang.AssertionError" message="No registered users available! expected [true] but found [false]">
      <![CDATA[java.lang.AssertionError: No registered users available! expected [true] but found [false]
at tests.LoginTest.testLoginPositive(LoginTest.java:14)
at java.base/java.util.ArrayList.forEach(ArrayList.java:1596)
... Removed 28 stack frames]]>
    </failure>
  </testcase> <!-- testLoginPositive -->
  <testcase classname="tests.LoginTest" name="testLoginNegative" time="5.466"/>
  <testcase classname="tests.LoginTest" name="testLoginEmptyFields" time="22.143">
    <failure type="java.lang.AssertionError" message="expected [true] but found [false]">
      <![CDATA[java.lang.AssertionError: expected [true] but found [false]
at tests.LoginTest.testLoginEmptyFields(LoginTest.java:40)
at java.base/java.util.ArrayList.forEach(ArrayList.java:1596)
... Removed 29 stack frames]]>
    </failure>
  </testcase> <!-- testLoginEmptyFields -->
</testsuite> <!-- LoginSecond -->
