<?xml version="1.0" encoding="UTF-8"?>
<!-- Generated by org.testng.reporters.JUnitXMLReporter -->
<testsuite ignored="0" hostname="Mahesh_Babu" failures="3" tests="3" name="RegisterFirst" time="5.156" errors="0" timestamp="2025-09-06T15:45:46 IST">
  <testcase classname="tests.RegisterTest" name="testRegisterPositive" time="0.0">
    <failure type="org.testng.TestNGException" message="
Method public void tests.RegisterTest.testRegisterPositive(java.lang.String,java.lang.String,java.lang.String) requires a @DataProvider named : validRegisterData in class testdata.TestDataProvider">
      <![CDATA[org.testng.TestNGException: 
Method public void tests.RegisterTest.testRegisterPositive(java.lang.String,java.lang.String,java.lang.String) requires a @DataProvider named : validRegisterData in class testdata.TestDataProvider
at java.base/java.util.ArrayList.forEach(ArrayList.java:1596)
... Removed 24 stack frames]]>
    </failure>
  </testcase> <!-- testRegisterPositive -->
  <testcase classname="tests.RegisterTest" name="testRegisterNegative" time="0.0">
    <failure type="org.testng.TestNGException" message="
Method public void tests.RegisterTest.testRegisterNegative(java.lang.String,java.lang.String,java.lang.String) requires a @DataProvider named : invalidRegisterData in class testdata.TestDataProvider">
      <![CDATA[org.testng.TestNGException: 
Method public void tests.RegisterTest.testRegisterNegative(java.lang.String,java.lang.String,java.lang.String) requires a @DataProvider named : invalidRegisterData in class testdata.TestDataProvider
at java.base/java.util.ArrayList.forEach(ArrayList.java:1596)
... Removed 24 stack frames]]>
    </failure>
  </testcase> <!-- testRegisterNegative -->
  <testcase classname="tests.RegisterTest" name="testRegisterEmptyFields" time="2.596">
    <failure type="java.lang.NullPointerException" message="Cannot invoke &amp;quot;String.equalsIgnoreCase(String)&amp;quot; because &amp;quot;gender&amp;quot; is null">
      <![CDATA[java.lang.NullPointerException: Cannot invoke "String.equalsIgnoreCase(String)" because "gender" is null
at pages.RegisterPage.registerFull(RegisterPage.java:45)
at tests.RegisterTest.testRegisterEmptyFields(RegisterTest.java:39)
at java.base/java.util.ArrayList.forEach(ArrayList.java:1596)
... Removed 25 stack frames]]>
    </failure>
  </testcase> <!-- testRegisterEmptyFields -->
</testsuite> <!-- RegisterFirst -->
