<?xml version="1.0" encoding="UTF-8"?>
<testng-results ignored="0" total="13" passed="12" failed="1" skipped="0">
  <reporter-output>
  </reporter-output>
  <suite started-at="2025-09-08T11:42:38 IST" name="AutomationExerciseSuite" finished-at="2025-09-08T11:44:50 IST" duration-ms="132259">
    <groups>
    </groups>
    <test started-at="2025-09-08T11:42:38 IST" name="RegisterTests" finished-at="2025-09-08T11:43:28 IST" duration-ms="50631">
      <class name="tests.RegisterTest">
        <test-method is-config="true" signature="setUp()[pri:0, instance:tests.RegisterTest@1a5a4e19]" started-at="2025-09-08T11:42:38 IST" name="setUp" finished-at="2025-09-08T11:42:43 IST" duration-ms="5431" status="PASS">
          <reporter-output>
          </reporter-output>
        </test-method> <!-- setUp -->
        <test-method signature="verifySignupPageTitle()[pri:1, instance:tests.RegisterTest@1a5a4e19]" started-at="2025-09-08T11:42:43 IST" name="verifySignupPageTitle" finished-at="2025-09-08T11:42:45 IST" duration-ms="1530" status="FAIL">
          <exception class="java.lang.AssertionError">
            <message>
              <![CDATA[Signup page title mismatch! Page not loaded correctly. expected [Automation Exercise - Signup] but found [Automation Exercise - Signup / Login]]]>
            </message>
            <full-stacktrace>
              <![CDATA[java.lang.AssertionError: Signup page title mismatch! Page not loaded correctly. expected [Automation Exercise - Signup] but found [Automation Exercise - Signup / Login]
at org.testng.Assert.fail(Assert.java:111)
at org.testng.Assert.failNotEquals(Assert.java:1590)
at org.testng.Assert.assertEqualsImpl(Assert.java:150)
at org.testng.Assert.assertEquals(Assert.java:132)
at org.testng.Assert.assertEquals(Assert.java:656)
at tests.RegisterTest.verifySignupPageTitle(RegisterTest.java:30)
at java.base/jdk.internal.reflect.DirectMethodHandleAccessor.invoke(DirectMethodHandleAccessor.java:103)
at java.base/java.lang.reflect.Method.invoke(Method.java:580)
at org.testng.internal.invokers.MethodInvocationHelper.invokeMethod(MethodInvocationHelper.java:141)
at org.testng.internal.invokers.TestInvoker.invokeMethod(TestInvoker.java:687)
at org.testng.internal.invokers.TestInvoker.invokeTestMethod(TestInvoker.java:230)
at org.testng.internal.invokers.MethodRunner.runInSequence(MethodRunner.java:63)
at org.testng.internal.invokers.TestInvoker$MethodInvocationAgent.invoke(TestInvoker.java:995)
at org.testng.internal.invokers.TestInvoker.invokeTestMethods(TestInvoker.java:203)
at org.testng.internal.invokers.TestMethodWorker.invokeTestMethods(TestMethodWorker.java:154)
at org.testng.internal.invokers.TestMethodWorker.run(TestMethodWorker.java:134)
at java.base/java.util.ArrayList.forEach(ArrayList.java:1596)
at org.testng.TestRunner.privateRun(TestRunner.java:741)
at org.testng.TestRunner.run(TestRunner.java:616)
at org.testng.SuiteRunner.runTest(SuiteRunner.java:421)
at org.testng.SuiteRunner.runSequentially(SuiteRunner.java:413)
at org.testng.SuiteRunner.privateRun(SuiteRunner.java:373)
at org.testng.SuiteRunner.run(SuiteRunner.java:312)
at org.testng.SuiteRunnerWorker.runSuite(SuiteRunnerWorker.java:52)
at org.testng.SuiteRunnerWorker.run(SuiteRunnerWorker.java:95)
at org.testng.TestNG.runSuitesSequentially(TestNG.java:1274)
at org.testng.TestNG.runSuitesLocally(TestNG.java:1208)
at org.testng.TestNG.runSuites(TestNG.java:1112)
at org.testng.TestNG.run(TestNG.java:1079)
at org.testng.remote.AbstractRemoteTestNG.run(AbstractRemoteTestNG.java:115)
at org.testng.remote.RemoteTestNG.initAndRun(RemoteTestNG.java:293)
at org.testng.remote.RemoteTestNG.main(RemoteTestNG.java:91)
]]>
            </full-stacktrace>
          </exception> <!-- java.lang.AssertionError -->
          <reporter-output>
          </reporter-output>
        </test-method> <!-- verifySignupPageTitle -->
        <test-method is-config="true" signature="tearDown()[pri:0, instance:tests.RegisterTest@1a5a4e19]" started-at="2025-09-08T11:42:45 IST" name="tearDown" finished-at="2025-09-08T11:42:45 IST" duration-ms="223" status="PASS">
          <reporter-output>
          </reporter-output>
        </test-method> <!-- tearDown -->
        <test-method is-config="true" signature="setUp()[pri:0, instance:tests.RegisterTest@1a5a4e19]" started-at="2025-09-08T11:42:45 IST" name="setUp" finished-at="2025-09-08T11:42:50 IST" duration-ms="5442" status="PASS">
          <reporter-output>
          </reporter-output>
        </test-method> <!-- setUp -->
        <test-method signature="testRegisterPositive()[pri:2, instance:tests.RegisterTest@1a5a4e19]" started-at="2025-09-08T11:42:50 IST" name="testRegisterPositive" finished-at="2025-09-08T11:43:16 IST" duration-ms="25245" status="PASS">
          <reporter-output>
          </reporter-output>
        </test-method> <!-- testRegisterPositive -->
        <test-method is-config="true" signature="tearDown()[pri:0, instance:tests.RegisterTest@1a5a4e19]" started-at="2025-09-08T11:43:16 IST" name="tearDown" finished-at="2025-09-08T11:43:16 IST" duration-ms="348" status="PASS">
          <reporter-output>
          </reporter-output>
        </test-method> <!-- tearDown -->
        <test-method is-config="true" signature="setUp()[pri:0, instance:tests.RegisterTest@1a5a4e19]" started-at="2025-09-08T11:43:16 IST" name="setUp" finished-at="2025-09-08T11:43:18 IST" duration-ms="2555" status="PASS">
          <reporter-output>
          </reporter-output>
        </test-method> <!-- setUp -->
        <test-method signature="testRegisterNegative()[pri:3, instance:tests.RegisterTest@1a5a4e19]" started-at="2025-09-08T11:43:18 IST" name="testRegisterNegative" finished-at="2025-09-08T11:43:22 IST" duration-ms="3709" status="PASS">
          <reporter-output>
          </reporter-output>
        </test-method> <!-- testRegisterNegative -->
        <test-method is-config="true" signature="tearDown()[pri:0, instance:tests.RegisterTest@1a5a4e19]" started-at="2025-09-08T11:43:22 IST" name="tearDown" finished-at="2025-09-08T11:43:23 IST" duration-ms="559" status="PASS">
          <reporter-output>
          </reporter-output>
        </test-method> <!-- tearDown -->
        <test-method is-config="true" signature="setUp()[pri:0, instance:tests.RegisterTest@1a5a4e19]" started-at="2025-09-08T11:43:23 IST" name="setUp" finished-at="2025-09-08T11:43:27 IST" duration-ms="4656" status="PASS">
          <reporter-output>
          </reporter-output>
        </test-method> <!-- setUp -->
        <test-method signature="testRegisterEmptyFields()[pri:4, instance:tests.RegisterTest@1a5a4e19]" started-at="2025-09-08T11:43:27 IST" name="testRegisterEmptyFields" finished-at="2025-09-08T11:43:28 IST" duration-ms="526" status="PASS">
          <reporter-output>
          </reporter-output>
        </test-method> <!-- testRegisterEmptyFields -->
        <test-method is-config="true" signature="tearDown()[pri:0, instance:tests.RegisterTest@1a5a4e19]" started-at="2025-09-08T11:43:28 IST" name="tearDown" finished-at="2025-09-08T11:43:28 IST" duration-ms="330" status="PASS">
          <reporter-output>
          </reporter-output>
        </test-method> <!-- tearDown -->
      </class> <!-- tests.RegisterTest -->
    </test> <!-- RegisterTests -->
    <test started-at="2025-09-08T11:43:29 IST" name="LoginTests" finished-at="2025-09-08T11:43:59 IST" duration-ms="29613">
      <class name="tests.LoginTest">
        <test-method is-config="true" signature="setUp()[pri:0, instance:tests.LoginTest@26adfd2d]" started-at="2025-09-08T11:43:29 IST" name="setUp" finished-at="2025-09-08T11:43:34 IST" duration-ms="4515" status="PASS">
          <reporter-output>
          </reporter-output>
        </test-method> <!-- setUp -->
        <test-method signature="verifyLoginPageTitle()[pri:5, instance:tests.LoginTest@26adfd2d]" started-at="2025-09-08T11:43:34 IST" name="verifyLoginPageTitle" finished-at="2025-09-08T11:43:35 IST" duration-ms="1729" status="PASS">
          <reporter-output>
          </reporter-output>
        </test-method> <!-- verifyLoginPageTitle -->
        <test-method is-config="true" signature="tearDown()[pri:0, instance:tests.LoginTest@26adfd2d]" started-at="2025-09-08T11:43:36 IST" name="tearDown" finished-at="2025-09-08T11:43:36 IST" duration-ms="397" status="PASS">
          <reporter-output>
          </reporter-output>
        </test-method> <!-- tearDown -->
        <test-method is-config="true" signature="setUp()[pri:0, instance:tests.LoginTest@26adfd2d]" started-at="2025-09-08T11:43:36 IST" name="setUp" finished-at="2025-09-08T11:43:41 IST" duration-ms="5318" status="PASS">
          <reporter-output>
          </reporter-output>
        </test-method> <!-- setUp -->
        <test-method signature="testLoginPositive()[pri:6, instance:tests.LoginTest@26adfd2d]" started-at="2025-09-08T11:43:41 IST" name="testLoginPositive" finished-at="2025-09-08T11:43:47 IST" duration-ms="5524" status="PASS">
          <reporter-output>
          </reporter-output>
        </test-method> <!-- testLoginPositive -->
        <test-method is-config="true" signature="tearDown()[pri:0, instance:tests.LoginTest@26adfd2d]" started-at="2025-09-08T11:43:47 IST" name="tearDown" finished-at="2025-09-08T11:43:47 IST" duration-ms="320" status="PASS">
          <reporter-output>
          </reporter-output>
        </test-method> <!-- tearDown -->
        <test-method is-config="true" signature="setUp()[pri:0, instance:tests.LoginTest@26adfd2d]" started-at="2025-09-08T11:43:47 IST" name="setUp" finished-at="2025-09-08T11:43:52 IST" duration-ms="4893" status="PASS">
          <reporter-output>
          </reporter-output>
        </test-method> <!-- setUp -->
        <test-method signature="testLoginNegative()[pri:7, instance:tests.LoginTest@26adfd2d]" started-at="2025-09-08T11:43:52 IST" name="testLoginNegative" finished-at="2025-09-08T11:43:54 IST" duration-ms="2048" status="PASS">
          <reporter-output>
          </reporter-output>
        </test-method> <!-- testLoginNegative -->
        <test-method is-config="true" signature="tearDown()[pri:0, instance:tests.LoginTest@26adfd2d]" started-at="2025-09-08T11:43:54 IST" name="tearDown" finished-at="2025-09-08T11:43:54 IST" duration-ms="165" status="PASS">
          <reporter-output>
          </reporter-output>
        </test-method> <!-- tearDown -->
        <test-method is-config="true" signature="setUp()[pri:0, instance:tests.LoginTest@26adfd2d]" started-at="2025-09-08T11:43:54 IST" name="setUp" finished-at="2025-09-08T11:43:58 IST" duration-ms="4050" status="PASS">
          <reporter-output>
          </reporter-output>
        </test-method> <!-- setUp -->
        <test-method signature="testLoginEmpty()[pri:8, instance:tests.LoginTest@26adfd2d]" started-at="2025-09-08T11:43:58 IST" name="testLoginEmpty" finished-at="2025-09-08T11:43:59 IST" duration-ms="424" status="PASS">
          <reporter-output>
          </reporter-output>
        </test-method> <!-- testLoginEmpty -->
        <test-method is-config="true" signature="tearDown()[pri:0, instance:tests.LoginTest@26adfd2d]" started-at="2025-09-08T11:43:59 IST" name="tearDown" finished-at="2025-09-08T11:43:59 IST" duration-ms="192" status="PASS">
          <reporter-output>
          </reporter-output>
        </test-method> <!-- tearDown -->
      </class> <!-- tests.LoginTest -->
    </test> <!-- LoginTests -->
    <test started-at="2025-09-08T11:43:59 IST" name="ProductCartTests" finished-at="2025-09-08T11:44:45 IST" duration-ms="45815">
      <class name="tests.ProductFlowTest">
        <test-method is-config="true" signature="setUp()[pri:0, instance:tests.ProductFlowTest@48b67364]" started-at="2025-09-08T11:43:59 IST" name="setUp" finished-at="2025-09-08T11:44:02 IST" duration-ms="2673" status="PASS">
          <reporter-output>
          </reporter-output>
        </test-method> <!-- setUp -->
        <test-method signature="verifyProductsPageTitle()[pri:9, instance:tests.ProductFlowTest@48b67364]" started-at="2025-09-08T11:44:02 IST" name="verifyProductsPageTitle" finished-at="2025-09-08T11:44:05 IST" duration-ms="3862" status="PASS">
          <reporter-output>
          </reporter-output>
        </test-method> <!-- verifyProductsPageTitle -->
        <test-method is-config="true" signature="tearDown()[pri:0, instance:tests.ProductFlowTest@48b67364]" started-at="2025-09-08T11:44:05 IST" name="tearDown" finished-at="2025-09-08T11:44:06 IST" duration-ms="215" status="PASS">
          <reporter-output>
          </reporter-output>
        </test-method> <!-- tearDown -->
        <test-method is-config="true" signature="setUp()[pri:0, instance:tests.ProductFlowTest@48b67364]" started-at="2025-09-08T11:44:06 IST" name="setUp" finished-at="2025-09-08T11:44:09 IST" duration-ms="3049" status="PASS">
          <reporter-output>
          </reporter-output>
        </test-method> <!-- setUp -->
        <test-method signature="verifyProductDetailsPage()[pri:10, instance:tests.ProductFlowTest@48b67364]" started-at="2025-09-08T11:44:09 IST" name="verifyProductDetailsPage" finished-at="2025-09-08T11:44:13 IST" duration-ms="3930" status="PASS">
          <reporter-output>
          </reporter-output>
        </test-method> <!-- verifyProductDetailsPage -->
        <test-method is-config="true" signature="tearDown()[pri:0, instance:tests.ProductFlowTest@48b67364]" started-at="2025-09-08T11:44:13 IST" name="tearDown" finished-at="2025-09-08T11:44:13 IST" duration-ms="190" status="PASS">
          <reporter-output>
          </reporter-output>
        </test-method> <!-- tearDown -->
        <test-method is-config="true" signature="setUp()[pri:0, instance:tests.ProductFlowTest@48b67364]" started-at="2025-09-08T11:44:13 IST" name="setUp" finished-at="2025-09-08T11:44:16 IST" duration-ms="3347" status="PASS">
          <reporter-output>
          </reporter-output>
        </test-method> <!-- setUp -->
        <test-method signature="shoppingFlowWithLogin()[pri:11, instance:tests.ProductFlowTest@48b67364]" started-at="2025-09-08T11:44:16 IST" name="shoppingFlowWithLogin" finished-at="2025-09-08T11:44:27 IST" duration-ms="11012" status="PASS">
          <reporter-output>
          </reporter-output>
        </test-method> <!-- shoppingFlowWithLogin -->
        <test-method is-config="true" signature="tearDown()[pri:0, instance:tests.ProductFlowTest@48b67364]" started-at="2025-09-08T11:44:27 IST" name="tearDown" finished-at="2025-09-08T11:44:28 IST" duration-ms="369" status="PASS">
          <reporter-output>
          </reporter-output>
        </test-method> <!-- tearDown -->
        <test-method is-config="true" signature="setUp()[pri:0, instance:tests.ProductFlowTest@48b67364]" started-at="2025-09-08T11:44:28 IST" name="setUp" finished-at="2025-09-08T11:44:32 IST" duration-ms="4221" status="PASS">
          <reporter-output>
          </reporter-output>
        </test-method> <!-- setUp -->
        <test-method signature="completeCheckoutFlow()[pri:12, instance:tests.ProductFlowTest@48b67364]" started-at="2025-09-08T11:44:32 IST" name="completeCheckoutFlow" finished-at="2025-09-08T11:44:44 IST" duration-ms="12118" status="PASS">
          <reporter-output>
          </reporter-output>
        </test-method> <!-- completeCheckoutFlow -->
        <test-method is-config="true" signature="tearDown()[pri:0, instance:tests.ProductFlowTest@48b67364]" started-at="2025-09-08T11:44:44 IST" name="tearDown" finished-at="2025-09-08T11:44:45 IST" duration-ms="805" status="PASS">
          <reporter-output>
          </reporter-output>
        </test-method> <!-- tearDown -->
      </class> <!-- tests.ProductFlowTest -->
    </test> <!-- ProductCartTests -->
    <test started-at="2025-09-08T11:44:45 IST" name="contactTests" finished-at="2025-09-08T11:44:50 IST" duration-ms="5014">
      <class name="tests.ContactUsTest">
        <test-method is-config="true" signature="setUp()[pri:0, instance:tests.ContactUsTest@6aa8e115]" started-at="2025-09-08T11:44:45 IST" name="setUp" finished-at="2025-09-08T11:44:47 IST" duration-ms="1983" status="PASS">
          <reporter-output>
          </reporter-output>
        </test-method> <!-- setUp -->
        <test-method signature="testSubmitContactFormWithFile()[pri:0, instance:tests.ContactUsTest@6aa8e115]" started-at="2025-09-08T11:44:47 IST" name="testSubmitContactFormWithFile" finished-at="2025-09-08T11:44:50 IST" duration-ms="2749" status="PASS">
          <reporter-output>
          </reporter-output>
        </test-method> <!-- testSubmitContactFormWithFile -->
        <test-method is-config="true" signature="tearDown()[pri:0, instance:tests.ContactUsTest@6aa8e115]" started-at="2025-09-08T11:44:50 IST" name="tearDown" finished-at="2025-09-08T11:44:50 IST" duration-ms="273" status="PASS">
          <reporter-output>
          </reporter-output>
        </test-method> <!-- tearDown -->
      </class> <!-- tests.ContactUsTest -->
    </test> <!-- contactTests -->
  </suite> <!-- AutomationExerciseSuite -->
</testng-results>
